# JRE version: OpenJDK Runtime Environment (8.0_152-b01) (build 1.8.0_152-release-1024-b01)
# Java VM: OpenJDK 64-Bit Server VM (25.152-b01 mixed mode linux-amd64 compressed oops)
Heap:
 PSYoungGen      total 256512K, used 49576K [0x00000000e0000000, 0x00000000f2f80000, 0x0000000100000000)
  eden space 202240K, 0% used [0x00000000e0000000,0x00000000e0000000,0x00000000ec580000)
  from space 54272K, 91% used [0x00000000ec580000,0x00000000ef5ea110,0x00000000efa80000)
  to   space 50176K, 0% used [0x00000000efe80000,0x00000000efe80000,0x00000000f2f80000)
 ParOldGen       total 171520K, used 132402K [0x00000000a0000000, 0x00000000aa780000, 0x00000000e0000000)
  object space 171520K, 77% used [0x00000000a0000000,0x00000000a814c8d0,0x00000000aa780000)
 Metaspace       used 77219K, capacity 80636K, committed 80728K, reserved 1120256K
  class space    used 9933K, capacity 10622K, committed 10624K, reserved 1048576K
GC Heap History (10 events):
Event: 544.636 GC heap after
Heap after GC invocations=32 (full 4):
 PSYoungGen      total 176128K, used 21087K [0x00000000e0000000, 0x00000000ecf80000, 0x0000000100000000)
  eden space 141824K, 0% used [0x00000000e0000000,0x00000000e0000000,0x00000000e8a80000)
  from space 34304K, 61% used [0x00000000ead00000,0x00000000ec197c50,0x00000000ece80000)
  to   space 35328K, 0% used [0x00000000e8a80000,0x00000000e8a80000,0x00000000ead00000)
 ParOldGen       total 171520K, used 99471K [0x00000000a0000000, 0x00000000aa780000, 0x00000000e0000000)
  object space 171520K, 57% used [0x00000000a0000000,0x00000000a6123e50,0x00000000aa780000)
 Metaspace       used 76250K, capacity 79324K, committed 79704K, reserved 1118208K
  class space    used 9882K, capacity 10536K, committed 10624K, reserved 1048576K
}
Event: 546.843 GC heap before
{Heap before GC invocations=33 (full 4):
 PSYoungGen      total 176128K, used 159063K [0x00000000e0000000, 0x00000000ecf80000, 0x0000000100000000)
  eden space 141824K, 97% used [0x00000000e0000000,0x00000000e86be060,0x00000000e8a80000)
  from space 34304K, 61% used [0x00000000ead00000,0x00000000ec197c50,0x00000000ece80000)
  to   space 35328K, 0% used [0x00000000e8a80000,0x00000000e8a80000,0x00000000ead00000)
 ParOldGen       total 171520K, used 99471K [0x00000000a0000000, 0x00000000aa780000, 0x00000000e0000000)
  object space 171520K, 57% used [0x00000000a0000000,0x00000000a6123e50,0x00000000aa780000)
 Metaspace       used 76296K, capacity 79388K, committed 79704K, reserved 1118208K
  class space    used 9882K, capacity 10536K, committed 10624K, reserved 1048576K
Event: 546.944 GC heap after
Heap after GC invocations=33 (full 4):
 PSYoungGen      total 177152K, used 35314K [0x00000000e0000000, 0x00000000f0600000, 0x0000000100000000)
  eden space 141824K, 0% used [0x00000000e0000000,0x00000000e0000000,0x00000000e8a80000)
  from space 35328K, 99% used [0x00000000e8a80000,0x00000000eacfc990,0x00000000ead00000)
  to   space 47616K, 0% used [0x00000000ed780000,0x00000000ed780000,0x00000000f0600000)
 ParOldGen       total 171520K, used 116328K [0x00000000a0000000, 0x00000000aa780000, 0x00000000e0000000)
  object space 171520K, 67% used [0x00000000a0000000,0x00000000a719a1f8,0x00000000aa780000)
 Metaspace       used 76296K, capacity 79388K, committed 79704K, reserved 1118208K
  class space    used 9882K, capacity 10536K, committed 10624K, reserved 1048576K
}
Event: 635.816 GC heap before
{Heap before GC invocations=34 (full 4):
 PSYoungGen      total 177152K, used 177138K [0x00000000e0000000, 0x00000000f0600000, 0x0000000100000000)
  eden space 141824K, 100% used [0x00000000e0000000,0x00000000e8a80000,0x00000000e8a80000)
  from space 35328K, 99% used [0x00000000e8a80000,0x00000000eacfc990,0x00000000ead00000)
  to   space 47616K, 0% used [0x00000000ed780000,0x00000000ed780000,0x00000000f0600000)
 ParOldGen       total 171520K, used 116328K [0x00000000a0000000, 0x00000000aa780000, 0x00000000e0000000)
  object space 171520K, 67% used [0x00000000a0000000,0x00000000a719a1f8,0x00000000aa780000)
 Metaspace       used 76541K, capacity 79718K, committed 79960K, reserved 1118208K
  class space    used 9888K, capacity 10547K, committed 10624K, reserved 1048576K
Event: 635.871 GC heap after
Heap after GC invocations=34 (full 4):
 PSYoungGen      total 211456K, used 9507K [0x00000000e0000000, 0x00000000eff80000, 0x0000000100000000)
  eden space 170496K, 0% used [0x00000000e0000000,0x00000000e0000000,0x00000000ea680000)
  from space 40960K, 23% used [0x00000000ed780000,0x00000000ee0c8df8,0x00000000eff80000)
  to   space 45568K, 0% used [0x00000000ea680000,0x00000000ea680000,0x00000000ed300000)
 ParOldGen       total 171520K, used 120104K [0x00000000a0000000, 0x00000000aa780000, 0x00000000e0000000)
  object space 171520K, 70% used [0x00000000a0000000,0x00000000a754a228,0x00000000aa780000)
 Metaspace       used 76541K, capacity 79718K, committed 79960K, reserved 1118208K
  class space    used 9888K, capacity 10547K, committed 10624K, reserved 1048576K
}
Event: 641.471 GC heap before
{Heap before GC invocations=35 (full 4):
 PSYoungGen      total 211456K, used 180003K [0x00000000e0000000, 0x00000000eff80000, 0x0000000100000000)
  eden space 170496K, 100% used [0x00000000e0000000,0x00000000ea680000,0x00000000ea680000)
  from space 40960K, 23% used [0x00000000ed780000,0x00000000ee0c8df8,0x00000000eff80000)
  to   space 45568K, 0% used [0x00000000ea680000,0x00000000ea680000,0x00000000ed300000)
 ParOldGen       total 171520K, used 120104K [0x00000000a0000000, 0x00000000aa780000, 0x00000000e0000000)
  object space 171520K, 70% used [0x00000000a0000000,0x00000000a754a228,0x00000000aa780000)
 Metaspace       used 76696K, capacity 79854K, committed 80216K, reserved 1118208K
  class space    used 9889K, capacity 10547K, committed 10624K, reserved 1048576K
Event: 641.572 GC heap after
Heap after GC invocations=35 (full 4):
 PSYoungGen      total 216064K, used 45549K [0x00000000e0000000, 0x00000000f3500000, 0x0000000100000000)
  eden space 170496K, 0% used [0x00000000e0000000,0x00000000e0000000,0x00000000ea680000)
  from space 45568K, 99% used [0x00000000ea680000,0x00000000ed2fb488,0x00000000ed300000)
  to   space 55808K, 0% used [0x00000000efe80000,0x00000000efe80000,0x00000000f3500000)
 ParOldGen       total 171520K, used 126255K [0x00000000a0000000, 0x00000000aa780000, 0x00000000e0000000)
  object space 171520K, 73% used [0x00000000a0000000,0x00000000a7b4bfc0,0x00000000aa780000)
 Metaspace       used 76696K, capacity 79854K, committed 80216K, reserved 1118208K
  class space    used 9889K, capacity 10547K, committed 10624K, reserved 1048576K
}
Event: 734.255 GC heap before
{Heap before GC invocations=36 (full 4):
 PSYoungGen      total 216064K, used 216045K [0x00000000e0000000, 0x00000000f3500000, 0x0000000100000000)
  eden space 170496K, 100% used [0x00000000e0000000,0x00000000ea680000,0x00000000ea680000)
  from space 45568K, 99% used [0x00000000ea680000,0x00000000ed2fb488,0x00000000ed300000)
  to   space 55808K, 0% used [0x00000000efe80000,0x00000000efe80000,0x00000000f3500000)
 ParOldGen       total 171520K, used 126255K [0x00000000a0000000, 0x00000000aa780000, 0x00000000e0000000)
  object space 171520K, 73% used [0x00000000a0000000,0x00000000a7b4bfc0,0x00000000aa780000)
 Metaspace       used 77042K, capacity 80372K, committed 80472K, reserved 1120256K
  class space    used 9920K, capacity 10600K, committed 10624K, reserved 1048576K
Event: 734.609 GC heap after
Heap after GC invocations=36 (full 4):
 PSYoungGen      total 252416K, used 9699K [0x00000000e0000000, 0x00000000f2f80000, 0x0000000100000000)
  eden space 202240K, 0% used [0x00000000e0000000,0x00000000e0000000,0x00000000ec580000)
  from space 50176K, 19% used [0x00000000efe80000,0x00000000f07f8db8,0x00000000f2f80000)
  to   space 54272K, 0% used [0x00000000ec580000,0x00000000ec580000,0x00000000efa80000)
 ParOldGen       total 171520K, used 127694K [0x00000000a0000000, 0x00000000aa780000, 0x00000000e0000000)
  object space 171520K, 74% used [0x00000000a0000000,0x00000000a7cb3b20,0x00000000aa780000)
 Metaspace       used 77042K, capacity 80372K, committed 80472K, reserved 1120256K
  class space    used 9920K, capacity 10600K, committed 10624K, reserved 1048576K
}
Event: 742.703 GC heap before
{Heap before GC invocations=37 (full 4):
 PSYoungGen      total 252416K, used 211939K [0x00000000e0000000, 0x00000000f2f80000, 0x0000000100000000)
  eden space 202240K, 100% used [0x00000000e0000000,0x00000000ec580000,0x00000000ec580000)
  from space 50176K, 19% used [0x00000000efe80000,0x00000000f07f8db8,0x00000000f2f80000)
  to   space 54272K, 0% used [0x00000000ec580000,0x00000000ec580000,0x00000000efa80000)
 ParOldGen       total 171520K, used 127694K [0x00000000a0000000, 0x00000000aa780000, 0x00000000e0000000)
  object space 171520K, 74% used [0x00000000a0000000,0x00000000a7cb3b20,0x00000000aa780000)
 Metaspace       used 77219K, capacity 80636K, committed 80728K, reserved 1120256K
  class space    used 9933K, capacity 10622K, committed 10624K, reserved 1048576K

