# JRE version: OpenJDK Runtime Environment (8.0_152-b01) (build 1.8.0_152-release-1024-b01)
# Java VM: OpenJDK 64-Bit Server VM (25.152-b01 mixed mode linux-amd64 compressed oops)
Heap:
 PSYoungGen      total 85504K, used 7979K [0x00000000e0000000, 0x00000000e6a00000, 0x0000000100000000)
  eden space 76288K, 0% used [0x00000000e0000000,0x00000000e0000000,0x00000000e4a80000)
  from space 9216K, 86% used [0x00000000e6100000,0x00000000e68cadf0,0x00000000e6a00000)
  to   space 6144K, 0% used [0x00000000e4a80000,0x00000000e4a80000,0x00000000e5080000)
 ParOldGen       total 51712K, used 28986K [0x00000000a0000000, 0x00000000a3280000, 0x00000000e0000000)
  object space 51712K, 56% used [0x00000000a0000000,0x00000000a1c4ebc0,0x00000000a3280000)
 Metaspace       used 50548K, capacity 52066K, committed 52184K, reserved 1093632K
  class space    used 6947K, capacity 7324K, committed 7424K, reserved 1048576K
GC Heap History (10 events):
Event: 17.263 GC heap after
Heap after GC invocations=13 (full 1):
 PSYoungGen      total 62976K, used 4063K [0x00000000e0000000, 0x00000000e4800000, 0x0000000100000000)
  eden space 57344K, 0% used [0x00000000e0000000,0x00000000e0000000,0x00000000e3800000)
  from space 5632K, 72% used [0x00000000e3d80000,0x00000000e4177e00,0x00000000e4300000)
  to   space 5632K, 0% used [0x00000000e3800000,0x00000000e3800000,0x00000000e3d80000)
 ParOldGen       total 31232K, used 11421K [0x00000000a0000000, 0x00000000a1e80000, 0x00000000e0000000)
  object space 31232K, 36% used [0x00000000a0000000,0x00000000a0b275f0,0x00000000a1e80000)
 Metaspace       used 29186K, capacity 29658K, committed 29952K, reserved 1075200K
  class space    used 4087K, capacity 4248K, committed 4352K, reserved 1048576K
}
Event: 20.954 GC heap before
{Heap before GC invocations=14 (full 1):
 PSYoungGen      total 62976K, used 40387K [0x00000000e0000000, 0x00000000e4800000, 0x0000000100000000)
  eden space 57344K, 63% used [0x00000000e0000000,0x00000000e2379178,0x00000000e3800000)
  from space 5632K, 72% used [0x00000000e3d80000,0x00000000e4177e00,0x00000000e4300000)
  to   space 5632K, 0% used [0x00000000e3800000,0x00000000e3800000,0x00000000e3d80000)
 ParOldGen       total 31232K, used 11421K [0x00000000a0000000, 0x00000000a1e80000, 0x00000000e0000000)
  object space 31232K, 36% used [0x00000000a0000000,0x00000000a0b275f0,0x00000000a1e80000)
 Metaspace       used 34670K, capacity 35244K, committed 35416K, reserved 1079296K
  class space    used 4771K, capacity 4966K, committed 4992K, reserved 1048576K
Event: 20.967 GC heap after
Heap after GC invocations=14 (full 1):
 PSYoungGen      total 62976K, used 5480K [0x00000000e0000000, 0x00000000e5700000, 0x0000000100000000)
  eden space 57344K, 0% used [0x00000000e0000000,0x00000000e0000000,0x00000000e3800000)
  from space 5632K, 97% used [0x00000000e3800000,0x00000000e3d5a3c8,0x00000000e3d80000)
  to   space 6144K, 0% used [0x00000000e5100000,0x00000000e5100000,0x00000000e5700000)
 ParOldGen       total 31232K, used 13062K [0x00000000a0000000, 0x00000000a1e80000, 0x00000000e0000000)
  object space 31232K, 41% used [0x00000000a0000000,0x00000000a0cc1ac0,0x00000000a1e80000)
 Metaspace       used 34670K, capacity 35244K, committed 35416K, reserved 1079296K
  class space    used 4771K, capacity 4966K, committed 4992K, reserved 1048576K
}
Event: 20.967 GC heap before
{Heap before GC invocations=15 (full 2):
 PSYoungGen      total 62976K, used 5480K [0x00000000e0000000, 0x00000000e5700000, 0x0000000100000000)
  eden space 57344K, 0% used [0x00000000e0000000,0x00000000e0000000,0x00000000e3800000)
  from space 5632K, 97% used [0x00000000e3800000,0x00000000e3d5a3c8,0x00000000e3d80000)
  to   space 6144K, 0% used [0x00000000e5100000,0x00000000e5100000,0x00000000e5700000)
 ParOldGen       total 31232K, used 13062K [0x00000000a0000000, 0x00000000a1e80000, 0x00000000e0000000)
  object space 31232K, 41% used [0x00000000a0000000,0x00000000a0cc1ac0,0x00000000a1e80000)
 Metaspace       used 34670K, capacity 35244K, committed 35416K, reserved 1079296K
  class space    used 4771K, capacity 4966K, committed 4992K, reserved 1048576K
Event: 21.078 GC heap after
Heap after GC invocations=15 (full 2):
 PSYoungGen      total 62976K, used 0K [0x00000000e0000000, 0x00000000e5700000, 0x0000000100000000)
  eden space 57344K, 0% used [0x00000000e0000000,0x00000000e0000000,0x00000000e3800000)
  from space 5632K, 0% used [0x00000000e3800000,0x00000000e3800000,0x00000000e3d80000)
  to   space 6144K, 0% used [0x00000000e5100000,0x00000000e5100000,0x00000000e5700000)
 ParOldGen       total 51712K, used 16708K [0x00000000a0000000, 0x00000000a3280000, 0x00000000e0000000)
  object space 51712K, 32% used [0x00000000a0000000,0x00000000a10511d8,0x00000000a3280000)
 Metaspace       used 34670K, capacity 35244K, committed 35416K, reserved 1079296K
  class space    used 4771K, capacity 4966K, committed 4992K, reserved 1048576K
}
Event: 23.564 GC heap before
{Heap before GC invocations=16 (full 2):
 PSYoungGen      total 62976K, used 57344K [0x00000000e0000000, 0x00000000e5700000, 0x0000000100000000)
  eden space 57344K, 100% used [0x00000000e0000000,0x00000000e3800000,0x00000000e3800000)
  from space 5632K, 0% used [0x00000000e3800000,0x00000000e3800000,0x00000000e3d80000)
  to   space 6144K, 0% used [0x00000000e5100000,0x00000000e5100000,0x00000000e5700000)
 ParOldGen       total 51712K, used 16708K [0x00000000a0000000, 0x00000000a3280000, 0x00000000e0000000)
  object space 51712K, 32% used [0x00000000a0000000,0x00000000a10511d8,0x00000000a3280000)
 Metaspace       used 37682K, capacity 38394K, committed 38744K, reserved 1083392K
  class space    used 5151K, capacity 5395K, committed 5504K, reserved 1048576K
Event: 23.573 GC heap after
Heap after GC invocations=16 (full 2):
 PSYoungGen      total 77312K, used 5215K [0x00000000e0000000, 0x00000000e5680000, 0x0000000100000000)
  eden space 71680K, 0% used [0x00000000e0000000,0x00000000e0000000,0x00000000e4600000)
  from space 5632K, 92% used [0x00000000e5100000,0x00000000e5617f58,0x00000000e5680000)
  to   space 6144K, 0% used [0x00000000e4a80000,0x00000000e4a80000,0x00000000e5080000)
 ParOldGen       total 51712K, used 16716K [0x00000000a0000000, 0x00000000a3280000, 0x00000000e0000000)
  object space 51712K, 32% used [0x00000000a0000000,0x00000000a10531d8,0x00000000a3280000)
 Metaspace       used 37682K, capacity 38394K, committed 38744K, reserved 1083392K
  class space    used 5151K, capacity 5395K, committed 5504K, reserved 1048576K
}
Event: 26.886 GC heap before
{Heap before GC invocations=17 (full 2):
 PSYoungGen      total 77312K, used 76895K [0x00000000e0000000, 0x00000000e5680000, 0x0000000100000000)
  eden space 71680K, 100% used [0x00000000e0000000,0x00000000e4600000,0x00000000e4600000)
  from space 5632K, 92% used [0x00000000e5100000,0x00000000e5617f58,0x00000000e5680000)
  to   space 6144K, 0% used [0x00000000e4a80000,0x00000000e4a80000,0x00000000e5080000)
 ParOldGen       total 51712K, used 16716K [0x00000000a0000000, 0x00000000a3280000, 0x00000000e0000000)
  object space 51712K, 32% used [0x00000000a0000000,0x00000000a10531d8,0x00000000a3280000)
 Metaspace       used 42695K, capacity 43552K, committed 43864K, reserved 1087488K
  class space    used 5897K, capacity 6169K, committed 6272K, reserved 1048576K
Event: 26.912 GC heap after
Heap after GC invocations=17 (full 2):
 PSYoungGen      total 82432K, used 6132K [0x00000000e0000000, 0x00000000e6a00000, 0x0000000100000000)
  eden space 76288K, 0% used [0x00000000e0000000,0x00000000e0000000,0x00000000e4a80000)
  from space 6144K, 99% used [0x00000000e4a80000,0x00000000e507d2e0,0x00000000e5080000)
  to   space 9216K, 0% used [0x00000000e6100000,0x00000000e6100000,0x00000000e6a00000)
 ParOldGen       total 51712K, used 22844K [0x00000000a0000000, 0x00000000a3280000, 0x00000000e0000000)
  object space 51712K, 44% used [0x00000000a0000000,0x00000000a164f0c0,0x00000000a3280000)
 Metaspace       used 42695K, capacity 43552K, committed 43864K, reserved 1087488K
  class space    used 5897K, capacity 6169K, committed 6272K, reserved 1048576K
}
Event: 32.364 GC heap before
{Heap before GC invocations=18 (full 2):
 PSYoungGen      total 82432K, used 82420K [0x00000000e0000000, 0x00000000e6a00000, 0x0000000100000000)
  eden space 76288K, 100% used [0x00000000e0000000,0x00000000e4a80000,0x00000000e4a80000)
  from space 6144K, 99% used [0x00000000e4a80000,0x00000000e507d2e0,0x00000000e5080000)
  to   space 9216K, 0% used [0x00000000e6100000,0x00000000e6100000,0x00000000e6a00000)
 ParOldGen       total 51712K, used 22844K [0x00000000a0000000, 0x00000000a3280000, 0x00000000e0000000)
  object space 51712K, 44% used [0x00000000a0000000,0x00000000a164f0c0,0x00000000a3280000)
 Metaspace       used 50548K, capacity 52066K, committed 52184K, reserved 1093632K
  class space    used 6947K, capacity 7324K, committed 7424K, reserved 1048576K

