# JRE version: OpenJDK Runtime Environment (8.0_152-b01) (build 1.8.0_152-release-1024-b01)
# Java VM: OpenJDK 64-Bit Server VM (25.152-b01 mixed mode linux-amd64 compressed oops)
Heap:
 PSYoungGen      total 83968K, used 12269K [0x00000000e0000000, 0x00000000e6e00000, 0x0000000100000000)
  eden space 71680K, 0% used [0x00000000e0000000,0x00000000e0000000,0x00000000e4600000)
  from space 12288K, 99% used [0x00000000e6200000,0x00000000e6dfb4e0,0x00000000e6e00000)
  to   space 10240K, 0% used [0x00000000e4600000,0x00000000e4600000,0x00000000e5000000)
 ParOldGen       total 57344K, used 21507K [0x00000000a0000000, 0x00000000a3800000, 0x00000000e0000000)
  object space 57344K, 37% used [0x00000000a0000000,0x00000000a1500df8,0x00000000a3800000)
 Metaspace       used 50270K, capacity 51712K, committed 51928K, reserved 1093632K
  class space    used 6918K, capacity 7307K, committed 7424K, reserved 1048576K
GC Heap History (10 events):
Event: 17.922 GC heap after
Heap after GC invocations=11 (full 1):
 PSYoungGen      total 66048K, used 8145K [0x00000000e0000000, 0x00000000e5400000, 0x0000000100000000)
  eden space 57856K, 0% used [0x00000000e0000000,0x00000000e0000000,0x00000000e3880000)
  from space 8192K, 99% used [0x00000000e4180000,0x00000000e49745d8,0x00000000e4980000)
  to   space 9216K, 0% used [0x00000000e3880000,0x00000000e3880000,0x00000000e4180000)
 ParOldGen       total 34816K, used 8912K [0x00000000a0000000, 0x00000000a2200000, 0x00000000e0000000)
  object space 34816K, 25% used [0x00000000a0000000,0x00000000a08b42c0,0x00000000a2200000)
 Metaspace       used 29661K, capacity 30172K, committed 30592K, reserved 1075200K
  class space    used 4167K, capacity 4353K, committed 4480K, reserved 1048576K
}
Event: 20.296 GC heap before
{Heap before GC invocations=12 (full 1):
 PSYoungGen      total 66048K, used 35014K [0x00000000e0000000, 0x00000000e5400000, 0x0000000100000000)
  eden space 57856K, 46% used [0x00000000e0000000,0x00000000e1a3d2c8,0x00000000e3880000)
  from space 8192K, 99% used [0x00000000e4180000,0x00000000e49745d8,0x00000000e4980000)
  to   space 9216K, 0% used [0x00000000e3880000,0x00000000e3880000,0x00000000e4180000)
 ParOldGen       total 34816K, used 8912K [0x00000000a0000000, 0x00000000a2200000, 0x00000000e0000000)
  object space 34816K, 25% used [0x00000000a0000000,0x00000000a08b42c0,0x00000000a2200000)
 Metaspace       used 34685K, capacity 35244K, committed 35416K, reserved 1079296K
  class space    used 4777K, capacity 4966K, committed 4992K, reserved 1048576K
Event: 20.309 GC heap after
Heap after GC invocations=12 (full 1):
 PSYoungGen      total 67072K, used 9201K [0x00000000e0000000, 0x00000000e5d00000, 0x0000000100000000)
  eden space 57856K, 0% used [0x00000000e0000000,0x00000000e0000000,0x00000000e3880000)
  from space 9216K, 99% used [0x00000000e3880000,0x00000000e417c4a0,0x00000000e4180000)
  to   space 10752K, 0% used [0x00000000e5280000,0x00000000e5280000,0x00000000e5d00000)
 ParOldGen       total 34816K, used 9433K [0x00000000a0000000, 0x00000000a2200000, 0x00000000e0000000)
  object space 34816K, 27% used [0x00000000a0000000,0x00000000a0936740,0x00000000a2200000)
 Metaspace       used 34685K, capacity 35244K, committed 35416K, reserved 1079296K
  class space    used 4777K, capacity 4966K, committed 4992K, reserved 1048576K
}
Event: 20.309 GC heap before
{Heap before GC invocations=13 (full 2):
 PSYoungGen      total 67072K, used 9201K [0x00000000e0000000, 0x00000000e5d00000, 0x0000000100000000)
  eden space 57856K, 0% used [0x00000000e0000000,0x00000000e0000000,0x00000000e3880000)
  from space 9216K, 99% used [0x00000000e3880000,0x00000000e417c4a0,0x00000000e4180000)
  to   space 10752K, 0% used [0x00000000e5280000,0x00000000e5280000,0x00000000e5d00000)
 ParOldGen       total 34816K, used 9433K [0x00000000a0000000, 0x00000000a2200000, 0x00000000e0000000)
  object space 34816K, 27% used [0x00000000a0000000,0x00000000a0936740,0x00000000a2200000)
 Metaspace       used 34685K, capacity 35244K, committed 35416K, reserved 1079296K
  class space    used 4777K, capacity 4966K, committed 4992K, reserved 1048576K
Event: 20.435 GC heap after
Heap after GC invocations=13 (full 2):
 PSYoungGen      total 67072K, used 0K [0x00000000e0000000, 0x00000000e5d00000, 0x0000000100000000)
  eden space 57856K, 0% used [0x00000000e0000000,0x00000000e0000000,0x00000000e3880000)
  from space 9216K, 0% used [0x00000000e3880000,0x00000000e3880000,0x00000000e4180000)
  to   space 10752K, 0% used [0x00000000e5280000,0x00000000e5280000,0x00000000e5d00000)
 ParOldGen       total 57344K, used 16285K [0x00000000a0000000, 0x00000000a3800000, 0x00000000e0000000)
  object space 57344K, 28% used [0x00000000a0000000,0x00000000a0fe7668,0x00000000a3800000)
 Metaspace       used 34685K, capacity 35244K, committed 35416K, reserved 1079296K
  class space    used 4777K, capacity 4966K, committed 4992K, reserved 1048576K
}
Event: 23.806 GC heap before
{Heap before GC invocations=14 (full 2):
 PSYoungGen      total 67072K, used 57856K [0x00000000e0000000, 0x00000000e5d00000, 0x0000000100000000)
  eden space 57856K, 100% used [0x00000000e0000000,0x00000000e3880000,0x00000000e3880000)
  from space 9216K, 0% used [0x00000000e3880000,0x00000000e3880000,0x00000000e4180000)
  to   space 10752K, 0% used [0x00000000e5280000,0x00000000e5280000,0x00000000e5d00000)
 ParOldGen       total 57344K, used 16285K [0x00000000a0000000, 0x00000000a3800000, 0x00000000e0000000)
  object space 57344K, 28% used [0x00000000a0000000,0x00000000a0fe7668,0x00000000a3800000)
 Metaspace       used 37677K, capacity 38394K, committed 38744K, reserved 1083392K
  class space    used 5155K, capacity 5395K, committed 5504K, reserved 1048576K
Event: 23.832 GC heap after
Heap after GC invocations=14 (full 2):
 PSYoungGen      total 79360K, used 5727K [0x00000000e0000000, 0x00000000e5a00000, 0x0000000100000000)
  eden space 71680K, 0% used [0x00000000e0000000,0x00000000e0000000,0x00000000e4600000)
  from space 7680K, 74% used [0x00000000e5280000,0x00000000e5817f58,0x00000000e5a00000)
  to   space 10240K, 0% used [0x00000000e4600000,0x00000000e4600000,0x00000000e5000000)
 ParOldGen       total 57344K, used 16293K [0x00000000a0000000, 0x00000000a3800000, 0x00000000e0000000)
  object space 57344K, 28% used [0x00000000a0000000,0x00000000a0fe9668,0x00000000a3800000)
 Metaspace       used 37677K, capacity 38394K, committed 38744K, reserved 1083392K
  class space    used 5155K, capacity 5395K, committed 5504K, reserved 1048576K
}
Event: 35.712 GC heap before
{Heap before GC invocations=15 (full 2):
 PSYoungGen      total 79360K, used 77407K [0x00000000e0000000, 0x00000000e5a00000, 0x0000000100000000)
  eden space 71680K, 100% used [0x00000000e0000000,0x00000000e4600000,0x00000000e4600000)
  from space 7680K, 74% used [0x00000000e5280000,0x00000000e5817f58,0x00000000e5a00000)
  to   space 10240K, 0% used [0x00000000e4600000,0x00000000e4600000,0x00000000e5000000)
 ParOldGen       total 57344K, used 16293K [0x00000000a0000000, 0x00000000a3800000, 0x00000000e0000000)
  object space 57344K, 28% used [0x00000000a0000000,0x00000000a0fe9668,0x00000000a3800000)
 Metaspace       used 42768K, capacity 43584K, committed 43864K, reserved 1087488K
  class space    used 5915K, capacity 6201K, committed 6272K, reserved 1048576K
Event: 35.980 GC heap after
Heap after GC invocations=15 (full 2):
 PSYoungGen      total 81920K, used 10212K [0x00000000e0000000, 0x00000000e6e00000, 0x0000000100000000)
  eden space 71680K, 0% used [0x00000000e0000000,0x00000000e0000000,0x00000000e4600000)
  from space 10240K, 99% used [0x00000000e4600000,0x00000000e4ff92f0,0x00000000e5000000)
  to   space 12288K, 0% used [0x00000000e6200000,0x00000000e6200000,0x00000000e6e00000)
 ParOldGen       total 57344K, used 18504K [0x00000000a0000000, 0x00000000a3800000, 0x00000000e0000000)
  object space 57344K, 32% used [0x00000000a0000000,0x00000000a12122a0,0x00000000a3800000)
 Metaspace       used 42768K, capacity 43584K, committed 43864K, reserved 1087488K
  class space    used 5915K, capacity 6201K, committed 6272K, reserved 1048576K
}
Event: 171.026 GC heap before
{Heap before GC invocations=16 (full 2):
 PSYoungGen      total 81920K, used 81892K [0x00000000e0000000, 0x00000000e6e00000, 0x0000000100000000)
  eden space 71680K, 100% used [0x00000000e0000000,0x00000000e4600000,0x00000000e4600000)
  from space 10240K, 99% used [0x00000000e4600000,0x00000000e4ff92f0,0x00000000e5000000)
  to   space 12288K, 0% used [0x00000000e6200000,0x00000000e6200000,0x00000000e6e00000)
 ParOldGen       total 57344K, used 18504K [0x00000000a0000000, 0x00000000a3800000, 0x00000000e0000000)
  object space 57344K, 32% used [0x00000000a0000000,0x00000000a12122a0,0x00000000a3800000)
 Metaspace       used 50270K, capacity 51712K, committed 51928K, reserved 1093632K
  class space    used 6918K, capacity 7307K, committed 7424K, reserved 1048576K

